<?xml version="1.0" encoding="UTF-8"?>
<testng-results ignored="0" total="4" passed="4" failed="0" skipped="0">
  <reporter-output>
  </reporter-output>
  <suite started-at="2022-10-25T20:49:29 IST" name="Default suite" finished-at="2022-10-25T20:49:30 IST" duration-ms="112">
    <groups>
    </groups>
    <test started-at="2022-10-25T20:49:29 IST" name="Default test" finished-at="2022-10-25T20:49:30 IST" duration-ms="112">
      <class name="com.qa.tests.DemoTest">
        <test-method signature="div()[pri:0, instance:com.qa.tests.DemoTest@3bb9a3ff]" started-at="2022-10-25T20:49:30 IST" name="div" finished-at="2022-10-25T20:49:30 IST" duration-ms="23" status="PASS">
          <reporter-output>
          </reporter-output>
        </test-method> <!-- div -->
        <test-method signature="multiply()[pri:0, instance:com.qa.tests.DemoTest@3bb9a3ff]" started-at="2022-10-25T20:49:30 IST" name="multiply" finished-at="2022-10-25T20:49:30 IST" duration-ms="4" status="PASS">
          <reporter-output>
          </reporter-output>
        </test-method> <!-- multiply -->
        <test-method signature="sub()[pri:0, instance:com.qa.tests.DemoTest@3bb9a3ff]" started-at="2022-10-25T20:49:30 IST" name="sub" finished-at="2022-10-25T20:49:30 IST" duration-ms="4" status="PASS">
          <reporter-output>
          </reporter-output>
        </test-method> <!-- sub -->
        <test-method signature="sum()[pri:0, instance:com.qa.tests.DemoTest@3bb9a3ff]" started-at="2022-10-25T20:49:30 IST" name="sum" finished-at="2022-10-25T20:49:30 IST" duration-ms="3" status="PASS">
          <reporter-output>
          </reporter-output>
        </test-method> <!-- sum -->
      </class> <!-- com.qa.tests.DemoTest -->
    </test> <!-- Default test -->
  </suite> <!-- Default suite -->
</testng-results>
