<?xml version="1.0" encoding="UTF-8"?>
<!-- Generated by org.testng.reporters.JUnitXMLReporter -->
<testsuite ignored="0" hostname="DESKTOP-FMHTC77" failures="0" tests="4" name="Default test" time="0.112" errors="0" timestamp="2022-10-25T20:49:30 IST">
  <testcase classname="com.qa.tests.DemoTest" name="div" time="0.023"/>
  <testcase classname="com.qa.tests.DemoTest" name="multiply" time="0.004"/>
  <testcase classname="com.qa.tests.DemoTest" name="sub" time="0.004"/>
  <testcase classname="com.qa.tests.DemoTest" name="sum" time="0.003"/>
</testsuite> <!-- Default test -->
